Построение начато 19.05.2013 14:21:46.
     1>Проект "C:\Users\Олег\documents\visual studio 2010\Projects\Kurs2\Kurs2\Kurs2.vcxproj" в узле 2 (целевые объекты rebuild).
     1>_PrepareForClean:
         Файл "Debug\Kurs2.lastbuildstate" удаляется.
       InitializeBuildStatus:
         Создание "Debug\Kurs2.unsuccessfulbuild", так как было задано "AlwaysCreate".
       ClCompile:
         c:\Program Files\Microsoft Visual Studio 10.0\VC\bin\CL.exe /c /ZI /nologo /W3 /WX- /Od /Oy- /D WIN32 /D _WINDOWS /D _DEBUG /D _UNICODE /D UNICODE /D _AFXDLL /Gm /EHsc /RTC1 /MD /GS /fp:precise /Zc:wchar_t /Zc:forScope /Yc"StdAfx.h" /Fp"Debug\Kurs2.pch" /Fo"Debug\\" /Fd"Debug\vc100.pdb" /Gd /TP /analyze- /errorReport:prompt stdafx.cpp
         stdafx.cpp
         c:\Program Files\Microsoft Visual Studio 10.0\VC\bin\CL.exe /c /ZI /nologo /W3 /WX- /Od /Oy- /D WIN32 /D _WINDOWS /D _DEBUG /D _UNICODE /D UNICODE /D _AFXDLL /Gm /EHsc /RTC1 /MD /GS /fp:precise /Zc:wchar_t /Zc:forScope /Yu"StdAfx.h" /Fp"Debug\Kurs2.pch" /Fo"Debug\\" /Fd"Debug\vc100.pdb" /Gd /TP /analyze- /errorReport:prompt Kurs2.cpp Kurs2Dlg.cpp Line.cpp Triangle.cpp
         Triangle.cpp
         Line.cpp
         Kurs2Dlg.cpp
     1>c:\users\олег\documents\visual studio 2010\projects\kurs2\kurs2\kurs2dlg.cpp(159): warning C4996: 'fopen': This function or variable may be unsafe. Consider using fopen_s instead. To disable deprecation, use _CRT_SECURE_NO_WARNINGS. See online help for details.
                 c:\program files\microsoft visual studio 10.0\vc\include\stdio.h(234): см. объявление "fopen"
     1>c:\users\олег\documents\visual studio 2010\projects\kurs2\kurs2\kurs2dlg.cpp(165): warning C4996: 'fscanf': This function or variable may be unsafe. Consider using fscanf_s instead. To disable deprecation, use _CRT_SECURE_NO_WARNINGS. See online help for details.
                 c:\program files\microsoft visual studio 10.0\vc\include\stdio.h(253): см. объявление "fscanf"
     1>c:\users\олег\documents\visual studio 2010\projects\kurs2\kurs2\kurs2dlg.cpp(166): warning C4996: 'fscanf': This function or variable may be unsafe. Consider using fscanf_s instead. To disable deprecation, use _CRT_SECURE_NO_WARNINGS. See online help for details.
                 c:\program files\microsoft visual studio 10.0\vc\include\stdio.h(253): см. объявление "fscanf"
     1>c:\users\олег\documents\visual studio 2010\projects\kurs2\kurs2\kurs2dlg.cpp(167): warning C4996: 'fscanf': This function or variable may be unsafe. Consider using fscanf_s instead. To disable deprecation, use _CRT_SECURE_NO_WARNINGS. See online help for details.
                 c:\program files\microsoft visual studio 10.0\vc\include\stdio.h(253): см. объявление "fscanf"
     1>c:\users\олег\documents\visual studio 2010\projects\kurs2\kurs2\kurs2dlg.cpp(168): warning C4996: 'fscanf': This function or variable may be unsafe. Consider using fscanf_s instead. To disable deprecation, use _CRT_SECURE_NO_WARNINGS. See online help for details.
                 c:\program files\microsoft visual studio 10.0\vc\include\stdio.h(253): см. объявление "fscanf"
     1>c:\users\олег\documents\visual studio 2010\projects\kurs2\kurs2\kurs2dlg.cpp(169): warning C4996: 'fscanf': This function or variable may be unsafe. Consider using fscanf_s instead. To disable deprecation, use _CRT_SECURE_NO_WARNINGS. See online help for details.
                 c:\program files\microsoft visual studio 10.0\vc\include\stdio.h(253): см. объявление "fscanf"
     1>c:\users\олег\documents\visual studio 2010\projects\kurs2\kurs2\kurs2dlg.cpp(170): warning C4996: 'fscanf': This function or variable may be unsafe. Consider using fscanf_s instead. To disable deprecation, use _CRT_SECURE_NO_WARNINGS. See online help for details.
                 c:\program files\microsoft visual studio 10.0\vc\include\stdio.h(253): см. объявление "fscanf"
     1>c:\users\олег\documents\visual studio 2010\projects\kurs2\kurs2\kurs2dlg.cpp(182): warning C4996: 'fscanf': This function or variable may be unsafe. Consider using fscanf_s instead. To disable deprecation, use _CRT_SECURE_NO_WARNINGS. See online help for details.
                 c:\program files\microsoft visual studio 10.0\vc\include\stdio.h(253): см. объявление "fscanf"
     1>c:\users\олег\documents\visual studio 2010\projects\kurs2\kurs2\kurs2dlg.cpp(183): warning C4996: 'fscanf': This function or variable may be unsafe. Consider using fscanf_s instead. To disable deprecation, use _CRT_SECURE_NO_WARNINGS. See online help for details.
                 c:\program files\microsoft visual studio 10.0\vc\include\stdio.h(253): см. объявление "fscanf"
     1>c:\users\олег\documents\visual studio 2010\projects\kurs2\kurs2\kurs2dlg.cpp(184): warning C4996: 'fscanf': This function or variable may be unsafe. Consider using fscanf_s instead. To disable deprecation, use _CRT_SECURE_NO_WARNINGS. See online help for details.
                 c:\program files\microsoft visual studio 10.0\vc\include\stdio.h(253): см. объявление "fscanf"
     1>c:\users\олег\documents\visual studio 2010\projects\kurs2\kurs2\kurs2dlg.cpp(190): warning C4996: 'fopen': This function or variable may be unsafe. Consider using fopen_s instead. To disable deprecation, use _CRT_SECURE_NO_WARNINGS. See online help for details.
                 c:\program files\microsoft visual studio 10.0\vc\include\stdio.h(234): см. объявление "fopen"
         Kurs2.cpp
         Создание кода...
       ResourceCompile:
         C:\Program Files\Microsoft SDKs\Windows\v7.0A\bin\rc.exe /D _DEBUG /D _UNICODE /D UNICODE /D _AFXDLL /l"0x0419" /IDebug\ /nologo /fo"Debug\Kurs2.res" Kurs2.rc 
       ManifestResourceCompile:
         C:\Program Files\Microsoft SDKs\Windows\v7.0A\bin\rc.exe /nologo /fo"Debug\Kurs2.exe.embed.manifest.res" Debug\Kurs2_manifest.rc 
       Link:
         c:\Program Files\Microsoft Visual Studio 10.0\VC\bin\link.exe /ERRORREPORT:PROMPT /OUT:"C:\Users\Олег\documents\visual studio 2010\Projects\Kurs2\Debug\Kurs2.exe" /INCREMENTAL /NOLOGO /MANIFEST /ManifestFile:"Debug\Kurs2.exe.intermediate.manifest" /MANIFESTUAC:"level='asInvoker' uiAccess='false'" /DEBUG /PDB:"C:\Users\Олег\documents\visual studio 2010\Projects\Kurs2\Debug\Kurs2.pdb" /SUBSYSTEM:WINDOWS /TLBID:1 /ENTRY:"wWinMainCRTStartup" /DYNAMICBASE /NXCOMPAT /IMPLIB:"C:\Users\Олег\documents\visual studio 2010\Projects\Kurs2\Debug\Kurs2.lib" /MACHINE:X86 Debug\Kurs2.res
         Debug\Kurs2.exe.embed.manifest.res
         Debug\Kurs2.obj
         Debug\Kurs2Dlg.obj
         Debug\Line.obj
         Debug\stdafx.obj
         Debug\Triangle.obj
         Debug\Triangle.obj
     1>Debug\Triangle.obj : warning LNK4042: объект указан более одного раза; лишние не учитываются
     1>LINK : warning LNK4098: библиотека по умолчанию "MSVCRT" противоречит использованию других библиотек; используйте параметр /NODEFAULTLIB:library
       Manifest:
         Файл "Debug\Kurs2.exe.embed.manifest" удаляется.
         C:\Program Files\Microsoft SDKs\Windows\v7.0A\bin\mt.exe /nologo /verbose /out:"Debug\Kurs2.exe.embed.manifest" /manifest Debug\Kurs2.exe.intermediate.manifest "c:\Program Files\Microsoft Visual Studio 10.0\VC\Include\Manifest\dpiaware.manifest"
         C:\Program Files\Microsoft SDKs\Windows\v7.0A\bin\rc.exe /nologo /fo"Debug\Kurs2.exe.embed.manifest.res" Debug\Kurs2_manifest.rc 
       LinkEmbedManifest:
         c:\Program Files\Microsoft Visual Studio 10.0\VC\bin\link.exe /ERRORREPORT:PROMPT /OUT:"C:\Users\Олег\documents\visual studio 2010\Projects\Kurs2\Debug\Kurs2.exe" /INCREMENTAL /NOLOGO /MANIFEST /ManifestFile:"Debug\Kurs2.exe.intermediate.manifest" /MANIFESTUAC:"level='asInvoker' uiAccess='false'" /DEBUG /PDB:"C:\Users\Олег\documents\visual studio 2010\Projects\Kurs2\Debug\Kurs2.pdb" /SUBSYSTEM:WINDOWS /TLBID:1 /ENTRY:"wWinMainCRTStartup" /DYNAMICBASE /NXCOMPAT /IMPLIB:"C:\Users\Олег\documents\visual studio 2010\Projects\Kurs2\Debug\Kurs2.lib" /MACHINE:X86 Debug\Kurs2.res
         Debug\Kurs2.exe.embed.manifest.res
         Debug\Kurs2.obj
         Debug\Kurs2Dlg.obj
         Debug\Line.obj
         Debug\stdafx.obj
         Debug\Triangle.obj
         Debug\Triangle.obj
     1>Debug\Triangle.obj : warning LNK4042: объект указан более одного раза; лишние не учитываются
     1>LINK : warning LNK4098: библиотека по умолчанию "MSVCRT" противоречит использованию других библиотек; используйте параметр /NODEFAULTLIB:library
         Kurs2.vcxproj -> C:\Users\Олег\documents\visual studio 2010\Projects\Kurs2\Debug\Kurs2.exe
       FinalizeBuildStatus:
         Файл "Debug\Kurs2.unsuccessfulbuild" удаляется.
         Обращение к "Debug\Kurs2.lastbuildstate".
     1>Построение проекта "C:\Users\Олег\documents\visual studio 2010\Projects\Kurs2\Kurs2\Kurs2.vcxproj" завершено (целевые объекты rebuild).

Построение успешно завершено.

Затраченное время: 00:00:09.01
