C:\USERS\Олег\DOCUMENTS\VISUAL STUDIO 2010\PROJECTS\KURS2\DEBUG\KURS2.EXE
C:\USERS\Олег\DOCUMENTS\VISUAL STUDIO 2010\PROJECTS\KURS2\DEBUG\KURS2.ILK
C:\USERS\ОЛЕГ\DOCUMENTS\VISUAL STUDIO 2010\PROJECTS\KURS2\DEBUG\KURS2.PDB
C:\Users\Олег\documents\visual studio 2010\Projects\Kurs2\Kurs2\Debug\cl.command.1.tlog
C:\Users\Олег\documents\visual studio 2010\Projects\Kurs2\Kurs2\Debug\CL.read.1.tlog
C:\Users\Олег\documents\visual studio 2010\Projects\Kurs2\Kurs2\Debug\CL.write.1.tlog
C:\USERS\Олег\DOCUMENTS\VISUAL STUDIO 2010\PROJECTS\KURS2\KURS2\DEBUG\KURS2.EXE.EMBED.MANIFEST
C:\USERS\Олег\DOCUMENTS\VISUAL STUDIO 2010\PROJECTS\KURS2\KURS2\DEBUG\KURS2.EXE.EMBED.MANIFEST.RES
C:\USERS\Олег\DOCUMENTS\VISUAL STUDIO 2010\PROJECTS\KURS2\KURS2\DEBUG\KURS2.EXE.INTERMEDIATE.MANIFEST
C:\USERS\Олег\DOCUMENTS\VISUAL STUDIO 2010\PROJECTS\KURS2\KURS2\DEBUG\KURS2.OBJ
C:\USERS\Олег\DOCUMENTS\VISUAL STUDIO 2010\PROJECTS\KURS2\KURS2\DEBUG\KURS2.PCH
C:\USERS\Олег\DOCUMENTS\VISUAL STUDIO 2010\PROJECTS\KURS2\KURS2\DEBUG\KURS2.RES
C:\Users\Олег\documents\visual studio 2010\Projects\Kurs2\Kurs2\Debug\Kurs2_manifest.rc
C:\USERS\Олег\DOCUMENTS\VISUAL STUDIO 2010\PROJECTS\KURS2\KURS2\DEBUG\KURS2DLG.OBJ
C:\USERS\Олег\DOCUMENTS\VISUAL STUDIO 2010\PROJECTS\KURS2\KURS2\DEBUG\LINE.OBJ
C:\Users\Олег\documents\visual studio 2010\Projects\Kurs2\Kurs2\Debug\link.command.1.tlog
C:\Users\Олег\documents\visual studio 2010\Projects\Kurs2\Kurs2\Debug\link.read.1.tlog
C:\Users\Олег\documents\visual studio 2010\Projects\Kurs2\Kurs2\Debug\link.write.1.tlog
C:\Users\Олег\documents\visual studio 2010\Projects\Kurs2\Kurs2\Debug\link-cvtres.read.1.tlog
C:\Users\Олег\documents\visual studio 2010\Projects\Kurs2\Kurs2\Debug\link-cvtres.write.1.tlog
C:\Users\Олег\documents\visual studio 2010\Projects\Kurs2\Kurs2\Debug\mt.command.1.tlog
C:\Users\Олег\documents\visual studio 2010\Projects\Kurs2\Kurs2\Debug\mt.read.1.tlog
C:\Users\Олег\documents\visual studio 2010\Projects\Kurs2\Kurs2\Debug\mt.write.1.tlog
C:\Users\Олег\documents\visual studio 2010\Projects\Kurs2\Kurs2\Debug\rc.command.1.tlog
C:\Users\Олег\documents\visual studio 2010\Projects\Kurs2\Kurs2\Debug\rc.read.1.tlog
C:\Users\Олег\documents\visual studio 2010\Projects\Kurs2\Kurs2\Debug\rc.write.1.tlog
C:\USERS\Олег\DOCUMENTS\VISUAL STUDIO 2010\PROJECTS\KURS2\KURS2\DEBUG\STDAFX.OBJ
C:\USERS\Олег\DOCUMENTS\VISUAL STUDIO 2010\PROJECTS\KURS2\KURS2\DEBUG\TRIANGLE.OBJ
C:\Users\Олег\documents\visual studio 2010\Projects\Kurs2\Kurs2\Debug\vc100.idb
C:\USERS\ОЛЕГ\DOCUMENTS\VISUAL STUDIO 2010\PROJECTS\KURS2\KURS2\DEBUG\VC100.PDB
